<?xml version="1.0" encoding="UTF-8"?>
<!-- Generated by org.testng.reporters.JUnitXMLReporter -->
<testsuite ignored="0" hostname="DESKTOP-7UR4G8G" failures="0" tests="4" name="Test" time="14.277" errors="0" timestamp="2025-06-01T12:32:01 IST">
  <testcase classname="api.TestCases.userTest" name="testCreateUser" time="3.605"/>
  <testcase classname="api.TestCases.userTest" name="testGetUser" time="4.343"/>
  <testcase classname="api.TestCases.userTest" name="testUpdateUser" time="1.347"/>
  <testcase classname="api.TestCases.userTest" name="testDeleteUser" time="4.445"/>
</testsuite> <!-- Test -->
