<?xml version="1.0" encoding="UTF-8"?>
<!-- Generated by org.testng.reporters.JUnitXMLReporter -->
<testsuite ignored="0" hostname="DESKTOP-7UR4G8G" failures="1" tests="4" name="Test" time="14.654" errors="0" timestamp="2025-06-01T15:03:22 IST">
  <testcase classname="api.TestCases.userTest" name="testCreateUser" time="3.779"/>
  <testcase classname="api.TestCases.userTest" name="testGetUser" time="4.451">
    <failure type="java.lang.AssertionError" message="expected [200] but found [404]">
      <![CDATA[java.lang.AssertionError: expected [200] but found [404]
at api.TestCases.userTest.testGetUser(userTest.java:51)
at java.base/java.util.ArrayList.forEach(ArrayList.java:1541)
... Removed 38 stack frames]]>
    </failure>
  </testcase> <!-- testGetUser -->
  <testcase classname="api.TestCases.userTest" name="testUpdateUser" time="1.393"/>
  <testcase classname="api.TestCases.userTest" name="testDeleteUser" time="4.339"/>
</testsuite> <!-- Test -->
